<?xml version="1.0" encoding="UTF-8" ?>
<testsuites errors="1"
            failures="1"
            tests="1">

  <testsuite name="test1.searchGoogle"
    errors="1" failures="1" hostname="" id="" package="searchGoogle" skipped="0"
    tests="1" time="6.027" timestamp="">
  
    <testcase name="Search for Google car" classname="test1.searchGoogle" time="6.027" assertions="4">

    

    

      <failure message="Google title ok in 5000ms - expected &#34;contains text &#39;Google car&#39;&#34; but got: &#34;element could not be located&#34; (5282ms)">    at Search for Google car (C:\Users\admin\Desktop\testing\test1\searchGoogle.js:24:13)</failure>

    
    <error type="error"><![CDATA[
    InvalidSelectorError: invalid selector: An invalid or illegal selector was specified
  (Session info: chrome=109.0.5414.75)
    at Object.throwDecodedError (C:\Users\admin\Desktop\testing\node_modules\selenium-webdriver\lib\error.js:524:15)
    at parseHttpResponse (C:\Users\admin\Desktop\testing\node_modules\selenium-webdriver\lib\http.js:587:13)
    at Executor.execute (C:\Users\admin\Desktop\testing\node_modules\selenium-webdriver\lib\http.js:515:28)
    at process.processTicksAndRejections (node:internal/process/task_queues:95:5)
    at async Driver.execute (C:\Users\admin\Desktop\testing\node_modules\selenium-webdriver\lib\webdriver.js:741:17)
    at async Driver.findElements (C:\Users\admin\Desktop\testing\node_modules\selenium-webdriver\lib\webdriver.js:1067:17)
    ]]></error>
    
    </testcase>
  

  
    <system-err>
       InvalidSelectorError
   invalid selector: An invalid or illegal selector was specified
  (Session info: chrome=109.0.5414.75)
 InvalidSelectorError
   invalid selector: An invalid or illegal selector was specified
  (Session info: chrome=109.0.5414.75)
 InvalidSelectorError
   invalid selector: An invalid or illegal selector was specified
  (Session info: chrome=109.0.5414.75)
    </system-err>
  

    

  
  </testsuite>
</testsuites>
